0 info it worked if it ends with ok
1 verbose cli [ 'node', '/usr/local/bin/npm', 'install', 'nomorgan' ]
2 info using npm@1.4.28
3 info using node@v0.10.34
4 warn package.json Multivision@1.0.0 No description
5 warn package.json Multivision@1.0.0 No repository field.
6 warn package.json Multivision@1.0.0 No README data
7 verbose readDependencies using package.json deps
8 verbose cache add [ 'nomorgan', null ]
9 verbose cache add name=undefined spec="nomorgan" args=["nomorgan",null]
10 verbose parsed url { protocol: null,
10 verbose parsed url   slashes: null,
10 verbose parsed url   auth: null,
10 verbose parsed url   host: null,
10 verbose parsed url   port: null,
10 verbose parsed url   hostname: null,
10 verbose parsed url   hash: null,
10 verbose parsed url   search: null,
10 verbose parsed url   query: null,
10 verbose parsed url   pathname: 'nomorgan',
10 verbose parsed url   path: 'nomorgan',
10 verbose parsed url   href: 'nomorgan' }
11 silly lockFile 38101f09-nomorgan nomorgan
12 verbose lock nomorgan /Users/kamiranoff/.npm/38101f09-nomorgan.lock
13 silly lockFile 38101f09-nomorgan nomorgan
14 silly lockFile 38101f09-nomorgan nomorgan
15 verbose addNamed [ 'nomorgan', '' ]
16 verbose addNamed [ null, '*' ]
17 silly lockFile ea520184-nomorgan nomorgan@
18 verbose lock nomorgan@ /Users/kamiranoff/.npm/ea520184-nomorgan.lock
19 silly addNameRange { name: 'nomorgan', range: '*', hasData: false }
20 verbose request where is /nomorgan
21 verbose request registry https://registry.npmjs.org/
22 verbose request id 508106804de6366c
23 verbose url raw /nomorgan
24 verbose url resolving [ 'https://registry.npmjs.org/', './nomorgan' ]
25 verbose url resolved https://registry.npmjs.org/nomorgan
26 verbose request where is https://registry.npmjs.org/nomorgan
27 info trying registry request attempt 1 at 01:20:59
28 http GET https://registry.npmjs.org/nomorgan
29 http 404 https://registry.npmjs.org/nomorgan
30 verbose headers { date: 'Thu, 12 Mar 2015 00:20:59 GMT',
30 verbose headers   server: 'CouchDB/1.5.0 (Erlang OTP/R16B03)',
30 verbose headers   'content-type': 'application/json',
30 verbose headers   'cache-control': 'max-age=0',
30 verbose headers   'content-length': '52',
30 verbose headers   'accept-ranges': 'bytes',
30 verbose headers   via: '1.1 varnish',
30 verbose headers   age: '0',
30 verbose headers   'x-served-by': 'cache-fra1226-FRA',
30 verbose headers   'x-cache': 'MISS',
30 verbose headers   'x-cache-hits': '0',
30 verbose headers   'x-timer': 'S1426119659.260033,VS0,VE417',
30 verbose headers   'keep-alive': 'timeout=10, max=50',
30 verbose headers   connection: 'Keep-Alive' }
31 silly registry.get cb [ 404,
31 silly registry.get   { date: 'Thu, 12 Mar 2015 00:20:59 GMT',
31 silly registry.get     server: 'CouchDB/1.5.0 (Erlang OTP/R16B03)',
31 silly registry.get     'content-type': 'application/json',
31 silly registry.get     'cache-control': 'max-age=0',
31 silly registry.get     'content-length': '52',
31 silly registry.get     'accept-ranges': 'bytes',
31 silly registry.get     via: '1.1 varnish',
31 silly registry.get     age: '0',
31 silly registry.get     'x-served-by': 'cache-fra1226-FRA',
31 silly registry.get     'x-cache': 'MISS',
31 silly registry.get     'x-cache-hits': '0',
31 silly registry.get     'x-timer': 'S1426119659.260033,VS0,VE417',
31 silly registry.get     'keep-alive': 'timeout=10, max=50',
31 silly registry.get     connection: 'Keep-Alive' } ]
32 silly lockFile ea520184-nomorgan nomorgan@
33 silly lockFile ea520184-nomorgan nomorgan@
34 error 404 404 Not Found: nomorgan
34 error 404
34 error 404 'nomorgan' is not in the npm registry.
34 error 404 You should bug the author to publish it
34 error 404 It was specified as a dependency of 'Multivision'
34 error 404
34 error 404 Note that you can also install from a
34 error 404 tarball, folder, or http url, or git url.
35 error System Darwin 14.1.0
36 error command "node" "/usr/local/bin/npm" "install" "nomorgan"
37 error cwd /Users/kamiranoff/Sites/meanstack
38 error node -v v0.10.34
39 error npm -v 1.4.28
40 error code E404
41 verbose exit [ 1, true ]
